<?xml version="1.0" encoding="UTF-8"?>
<!-- Generated by org.testng.reporters.JUnitReportReporter -->
<testsuite skipped="0" hostname="DESKTOP-9B2566O" name="Amezon_Test" tests="1" failures="0" timestamp="2020-03-29T15:01:09 IST" time="10.839" errors="0">
  <testcase name="tc_02" time="10.839" classname="Amezon_Test"/>
  <system-out/>
</testsuite> <!-- Amezon_Test -->
