<?xml version="1.0" encoding="UTF-8"?>
<!-- Generated by org.testng.reporters.JUnitReportReporter -->
<testsuite skipped="0" hostname="DESKTOP-9B2566O" name="Amezon_Test" tests="3" failures="0" timestamp="2020-03-21T20:29:20 IST" time="37.037" errors="0">
  <testcase name="tc_01" time="25.018" classname="Amezon_Test"/>
  <system-out/>
  <testcase name="tc_02" time="11.034" classname="Amezon_Test"/>
  <system-out/>
  <testcase name="tc_03" time="0.985" classname="Amezon_Test"/>
  <system-out/>
</testsuite> <!-- Amezon_Test -->
