<?xml version="1.0" encoding="UTF-8"?>
<!-- Generated by org.testng.reporters.JUnitReportReporter -->
<testsuite skipped="0" hostname="DESKTOP-9B2566O" name="Test_Cses_EMI" tests="8" failures="0" timestamp="2020-04-04T14:32:25 IST" time="86.071" errors="0">
  <testcase name="tc_8" time="20.513" classname="Test_Cses_EMI"/>
  <system-out/>
  <testcase name="tc_02" time="6.672" classname="Test_Cses_EMI"/>
  <system-out/>
  <testcase name="tc_01" time="6.266" classname="Test_Cses_EMI"/>
  <system-out/>
  <testcase name="tc_03" time="3.701" classname="Test_Cses_EMI"/>
  <system-out/>
  <testcase name="tc_5" time="0.353" classname="Test_Cses_EMI"/>
  <system-out/>
  <testcase name="tc_7" time="40.298" classname="Test_Cses_EMI"/>
  <system-out/>
  <testcase name="tc_4" time="5.821" classname="Test_Cses_EMI"/>
  <system-out/>
  <testcase name="tc_6" time="2.447" classname="Test_Cses_EMI"/>
  <system-out/>
</testsuite> <!-- Test_Cses_EMI -->
