<?xml version="1.0" encoding="UTF-8"?>
<!-- Generated by org.testng.reporters.JUnitReportReporter -->
<testsuite skipped="0" hostname="DESKTOP-9B2566O" name="Keyword.Check_ExpectedHelp" tests="1" failures="0" timestamp="2020-04-03T21:22:21 IST" time="26.594" errors="0">
  <testcase name="ChechHElp" time="26.594" classname="Keyword.Check_ExpectedHelp"/>
  <system-out/>
</testsuite> <!-- Keyword.Check_ExpectedHelp -->
